<?xml version="1.0" encoding="utf-8" standalone="no"?>
<test-run id="0" runstate="Runnable" testcasecount="1" result="Failed" label="Error" total="1" passed="0" failed="1" warnings="0" inconclusive="0" skipped="0" asserts="0" engine-version="3.16.3.0" clr-version="4.0.30319.42000" start-time="2023-04-18 09:28:18Z" end-time="2023-04-18 09:28:18Z" duration="0.134260">
  <command-line><![CDATA[C:\Users\eliza.szilagyi\NUnit.ConsoleRunner.3.16.3\tools\nunit3-console.exe bin/Debug/netcoreapp3.1/TestAlttrashCSharp.dll]]></command-line>
  <test-suite type="Assembly" id="0" name="" fullname="" runstate="NotRunnable" testcasecount="1" result="Failed" label="Error" start-time="2023-04-18 09:28:18Z" end-time="2023-04-18 09:28:18Z" duration="0.001" total="1" passed="0" failed="1" inconclusive="0" skipped="0" asserts="0">
    <failure>
      <message><![CDATA[System.ArgumentException : The netcore-4.5 framework is not available.
Available frameworks: net-2.0 net-3.0 net-3.5 net-4.0 net-4.5 net-4.5.1 net-4.5.2 net-4.6 net-4.6.1 net-4.6.2 net-4.7 net-4.7.1 net-4.7.2 net-4.8 netcore-7.0]]></message>
      <stack-trace><![CDATA[--ArgumentException
The netcore-4.5 framework is not available.
Available frameworks: net-2.0 net-3.0 net-3.5 net-4.0 net-4.5 net-4.5.1 net-4.5.2 net-4.6 net-4.6.1 net-4.6.2 net-4.7 net-4.7.1 net-4.7.2 net-4.8 netcore-7.0
   at NUnit.Engine.Services.TestAgency.GetAgent(TestPackage package)
   at NUnit.Engine.Runners.ProcessRunner.CreateAgentAndRunnerIfNeeded()
   at NUnit.Engine.Runners.ProcessRunner.RunTests(ITestEventListener listener, TestFilter filter)
]]></stack-trace>
    </failure>
  </test-suite>
</test-run>